This file contains any messages produced by compilers while
running configure, to aid debugging if configure makes a mistake.

It was created by libpng configure 1.6.16, which was
generated by GNU Autoconf 2.69.  Invocation command line was

  $ ./libpng-1.6.16/configure --prefix=/Users/ananyu/csci3081/Photoshop/libpng-1.6.16/ --enable-shared=no

## --------- ##
## Platform. ##
## --------- ##

hostname = nat-10-22-34-87.uofm.wireless.umn.edu
uname -m = x86_64
uname -r = 13.4.0
uname -s = Darwin
uname -v = Darwin Kernel Version 13.4.0: Wed Dec 17 19:05:52 PST 2014; root:xnu-2422.115.10~1/RELEASE_X86_64

/usr/bin/uname -p = i386
/bin/uname -X     = unknown

/bin/arch              = unknown
/usr/bin/arch -k       = unknown
/usr/convex/getsysinfo = unknown
/usr/bin/hostinfo      = Mach kernel version:
	 Darwin Kernel Version 13.4.0: Wed Dec 17 19:05:52 PST 2014; root:xnu-2422.115.10~1/RELEASE_X86_64
Kernel configured for up to 4 processors.
2 processors are physically available.
4 processors are logically available.
Processor type: i486 (Intel 80486)
Processors active: 0 1 2 3
Primary memory available: 8.00 gigabytes
Default processor set: 207 tasks, 1136 threads, 4 processors
Load average: 3.75, Mach factor: 1.07
/bin/machine           = unknown
/usr/bin/oslevel       = unknown
/bin/universe          = unknown

PATH: /opt/local/bin
PATH: /opt/local/sbin
PATH: /Users/ananyu/.opam/system/bin
PATH: /usr/bin
PATH: /bin
PATH: /usr/sbin
PATH: /sbin
PATH: /usr/local/bin
PATH: /opt/X11/bin
PATH: /usr/texbin


## ----------- ##
## Core tests. ##
## ----------- ##

configure:2319: checking for a BSD-compatible install
configure:2387: result: /usr/bin/install -c
configure:2398: checking whether build environment is sane
configure:2453: result: yes
configure:2604: checking for a thread-safe mkdir -p
configure:2643: result: ./libpng-1.6.16/install-sh -c -d
configure:2650: checking for gawk
configure:2680: result: no
configure:2650: checking for mawk
configure:2680: result: no
configure:2650: checking for nawk
configure:2680: result: no
configure:2650: checking for awk
configure:2666: found /usr/bin/awk
configure:2677: result: awk
configure:2688: checking whether make sets $(MAKE)
configure:2710: result: yes
configure:2739: checking whether make supports nested variables
configure:2756: result: yes
configure:2773: error: source directory already configured; run "make distclean" there first

## ---------------- ##
## Cache variables. ##
## ---------------- ##

ac_cv_env_CCASFLAGS_set=
ac_cv_env_CCASFLAGS_value=
ac_cv_env_CCAS_set=
ac_cv_env_CCAS_value=
ac_cv_env_CC_set=
ac_cv_env_CC_value=
ac_cv_env_CFLAGS_set=
ac_cv_env_CFLAGS_value=
ac_cv_env_CPPFLAGS_set=
ac_cv_env_CPPFLAGS_value=
ac_cv_env_CPP_set=
ac_cv_env_CPP_value=
ac_cv_env_LDFLAGS_set=
ac_cv_env_LDFLAGS_value=
ac_cv_env_LIBS_set=
ac_cv_env_LIBS_value=
ac_cv_env_PNG_COPTS_set=
ac_cv_env_PNG_COPTS_value=
ac_cv_env_build_alias_set=
ac_cv_env_build_alias_value=
ac_cv_env_host_alias_set=
ac_cv_env_host_alias_value=
ac_cv_env_target_alias_set=
ac_cv_env_target_alias_value=
ac_cv_path_install='/usr/bin/install -c'
ac_cv_prog_AWK=awk
ac_cv_prog_make_make_set=yes
am_cv_make_support_nested_variables=yes

## ----------------- ##
## Output variables. ##
## ----------------- ##

ACLOCAL=''
AMDEPBACKSLASH=''
AMDEP_FALSE=''
AMDEP_TRUE=''
AMTAR=''
AM_BACKSLASH='\'
AM_DEFAULT_V='$(AM_DEFAULT_VERBOSITY)'
AM_DEFAULT_VERBOSITY='1'
AM_V='$(V)'
AR=''
AS=''
AUTOCONF=''
AUTOHEADER=''
AUTOMAKE=''
AWK='awk'
CC=''
CCAS=''
CCASDEPMODE=''
CCASFLAGS=''
CCDEPMODE=''
CFLAGS=''
CPP=''
CPPFLAGS=''
CYGPATH_W=''
DEFS=''
DEPDIR=''
DFNCPP=''
DLLTOOL=''
DO_INSTALL_LIBPNG_CONFIG_FALSE=''
DO_INSTALL_LIBPNG_CONFIG_TRUE=''
DO_INSTALL_LIBPNG_PC_FALSE=''
DO_INSTALL_LIBPNG_PC_TRUE=''
DO_INSTALL_LINKS_FALSE=''
DO_INSTALL_LINKS_TRUE=''
DO_PNG_PREFIX_FALSE=''
DO_PNG_PREFIX_TRUE=''
DSYMUTIL=''
DUMPBIN=''
ECHO_C='\c'
ECHO_N=''
ECHO_T=''
EGREP=''
EXEEXT=''
FGREP=''
GREP=''
HAVE_LD_VERSION_SCRIPT_FALSE=''
HAVE_LD_VERSION_SCRIPT_TRUE=''
HAVE_SOLARIS_LD_FALSE=''
HAVE_SOLARIS_LD_TRUE=''
INSTALL_DATA='${INSTALL} -m 644'
INSTALL_PROGRAM='${INSTALL}'
INSTALL_SCRIPT='${INSTALL}'
INSTALL_STRIP_PROGRAM='$(install_sh) -c -s'
LD=''
LDFLAGS=''
LIBOBJS=''
LIBS=''
LIBTOOL=''
LIPO=''
LN_S=''
LTLIBOBJS=''
MAINT=''
MAINTAINER_MODE_FALSE=''
MAINTAINER_MODE_TRUE=''
MAKEINFO=''
MANIFEST_TOOL=''
MKDIR_P='./libpng-1.6.16/install-sh -c -d'
NM=''
NMEDIT=''
OBJDUMP=''
OBJEXT=''
OTOOL64=''
OTOOL=''
PACKAGE=''
PACKAGE_BUGREPORT='png-mng-implement@lists.sourceforge.net'
PACKAGE_NAME='libpng'
PACKAGE_STRING='libpng 1.6.16'
PACKAGE_TARNAME='libpng'
PACKAGE_URL=''
PACKAGE_VERSION='1.6.16'
PATH_SEPARATOR=':'
PNGLIB_MAJOR=''
PNGLIB_MINOR=''
PNGLIB_RELEASE=''
PNGLIB_VERSION=''
PNG_ARM_NEON_FALSE=''
PNG_ARM_NEON_TRUE=''
PNG_COPTS=''
PNG_PREFIX=''
POW_LIB=''
RANLIB=''
SED=''
SET_MAKE=''
SHELL='/bin/sh'
STRIP=''
SYMBOL_PREFIX=''
VERSION=''
ac_ct_AR=''
ac_ct_CC=''
ac_ct_DUMPBIN=''
am__EXEEXT_FALSE=''
am__EXEEXT_TRUE=''
am__fastdepCCAS_FALSE=''
am__fastdepCCAS_TRUE=''
am__fastdepCC_FALSE=''
am__fastdepCC_TRUE=''
am__include=''
am__isrc=' -I$(srcdir)'
am__leading_dot='.'
am__nodep=''
am__quote=''
am__tar=''
am__untar=''
binconfigs=''
bindir='${exec_prefix}/bin'
build=''
build_alias=''
build_cpu=''
build_os=''
build_vendor=''
datadir='${datarootdir}'
datarootdir='${prefix}/share'
docdir='${datarootdir}/doc/${PACKAGE_TARNAME}'
dvidir='${docdir}'
exec_prefix='NONE'
host=''
host_alias=''
host_cpu=''
host_os=''
host_vendor=''
htmldir='${docdir}'
includedir='${prefix}/include'
infodir='${datarootdir}/info'
install_sh='${SHELL} /Users/ananyu/csci3081/Photoshop/libpng-1.6.16/install-sh'
libdir='${exec_prefix}/lib'
libexecdir='${exec_prefix}/libexec'
localedir='${datarootdir}/locale'
localstatedir='${prefix}/var'
mandir='${datarootdir}/man'
mkdir_p=''
oldincludedir='/usr/include'
pdfdir='${docdir}'
pkgconfigdir=''
prefix='/Users/ananyu/csci3081/Photoshop/libpng-1.6.16'
program_transform_name='s,x,x,'
psdir='${docdir}'
sbindir='${exec_prefix}/sbin'
sharedstatedir='${prefix}/com'
sysconfdir='${prefix}/etc'
target_alias=''

## ----------- ##
## confdefs.h. ##
## ----------- ##

/* confdefs.h */
#define PACKAGE_NAME "libpng"
#define PACKAGE_TARNAME "libpng"
#define PACKAGE_VERSION "1.6.16"
#define PACKAGE_STRING "libpng 1.6.16"
#define PACKAGE_BUGREPORT "png-mng-implement@lists.sourceforge.net"
#define PACKAGE_URL ""

configure: exit 1
